#
# A fatal error has been detected by the Java Runtime Environment:
#
#  SIGSEGV (0xb) at pc=0x00007fff60669e06, pid=919, tid=0x0000000000000307
#
# JRE version: Java(TM) SE Runtime Environment (8.0_162-b12) (build 1.8.0_162-b12)
# Java VM: Java HotSpot(TM) 64-Bit Server VM (25.162-b12 mixed mode bsd-amd64 compressed oops)
# Problematic frame:
# C  [libobjc.A.dylib+0x7e06]  lookUpImpOrForward+0x5b
#
# Failed to write core dump. Core dumps have been disabled. To enable core dumping, try "ulimit -c unlimited" before starting Java again
#
# If you would like to submit a bug report, please visit:
#   http://bugreport.java.com/bugreport/crash.jsp
# The crash happened outside the Java Virtual Machine in native code.
# See problematic frame for where to report the bug.
#

---------------  T H R E A D  ---------------

Current thread (0x00007f99f69de800):  JavaThread "JavaFX Application Thread" [_thread_in_native, id=775, stack(0x00007ffee0e55000,0x00007ffee1655000)]

siginfo: si_signo: 11 (SIGSEGV), si_code: 1 (SEGV_MAPERR), si_addr: 0x00000001000001d0

Registers:
RAX=0x00000001000001d0, RBX=0x00007f99f859b450, RCX=0x0000000000000000, RDX=0x00007fff995f92f0
RSP=0x00007ffee164ee30, RBP=0x00007ffee164ee80, RSI=0x0000000000a273c0, RDI=0x00007fff995f92d0
R8 =0xffffffff00000000, R9 =0x00000000ffffff00, R10=0x0000010000000000, R11=0x0000000000a27300
R12=0x00007fff371dbabf, R13=0x0000000000000001, R14=0x00007ffffffffff8, R15=0x00007f99f5ef2470
RIP=0x00007fff60669e06, EFLAGS=0x0000000000010202, ERR=0x0000000000000004
  TRAPNO=0x000000000000000e

Top of Stack: (sp=0x00007ffee164ee30)
0x00007ffee164ee30:   00007f99f69de800 000000012efface8
0x00007ffee164ee40:   000000012efface8 00007f99f5ef2460
0x00007ffee164ee50:   000000012efface8 00007f99f859b450
0x00007ffee164ee60:   0000000000000000 00007fff60668e80
0x00007ffee164ee70:   00007f99f69de9f8 00007f99f5c2dab0
0x00007ffee164ee80:   00007ffee164ef50 00007fff60669914
0x00007ffee164ee90:   00007f99f859b450 00000000000003ff
0x00007ffee164eea0:   00007f99f7221d40 00007f99f859b680
0x00007ffee164eeb0:   00007fff371dbabf 00007f99f5ef2460
0x00007ffee164eec0:   0000000000000010 00007fff606761ec
0x00007ffee164eed0:   ff00000000000000 00000000ff00ff00
0x00007ffee164eee0:   0000000000000000 0000000000000000
0x00007ffee164eef0:   0000000000000000 00ff000000000000
0x00007ffee164ef00:   0000000000000000 0000000000000000
0x00007ffee164ef10:   0000000000000000 0000000000000000
0x00007ffee164ef20:   3ff0000000000000 0000000000000000
0x00007ffee164ef30:   406aeddbb78bc7f5 0000000000000000
0x00007ffee164ef40:   4040800000000000 0000000000000000
0x00007ffee164ef50:   00007ffee164f000 000000012cbf393f
0x00007ffee164ef60:   000000012eff5b68 00007ffee164efa0
0x00007ffee164ef70:   0000000000000000 0000000000000d60
0x00007ffee164ef80:   000000012f0017e8 0000000000000001
0x00007ffee164ef90:   00007ffee164efd0 000000010ea3466d
0x00007ffee164efa0:   000000010edfcce0 0000000119fd32d0
0x00007ffee164efb0:   0000000000000003 000001000000000e
0x00007ffee164efc0:   00007ffe00000000 00000000000000b6
0x00007ffee164efd0:   00007ffee164f020 0000000119c94968
0x00007ffee164efe0:   0000000000000000 0000000119c94968
0x00007ffee164eff0:   00007ffee164f0b0 00007f99f69de800
0x00007ffee164f000:   00007ffee164f078 000000011b636667
0x00007ffee164f010:   0000000000000030 00000000000000b6
0x00007ffee164f020:   00007ffee164f070 000000010e7cc612 

Instructions: (pc=0x00007fff60669e06)
0x00007fff60669de6:   01 00 00 49 be f8 ff ff ff ff 7f 00 00 48 8d 3d
0x00007fff60669df6:   d6 f4 f8 38 e8 f5 07 00 00 49 8b 47 20 4c 21 f0
0x00007fff60669e06:   83 38 00 78 2f 48 8d 1d be f4 f8 38 48 89 df e8
0x00007fff60669e16:   92 0a 00 00 48 89 df e8 92 97 ff ff 4c 89 ff e8 

Register to memory mapping:

RAX=0x00000001000001d0 is an unknown value
RBX=0x00007f99f859b450 is an unknown value
RCX=0x0000000000000000 is an unknown value
RDX=0x00007fff995f92f0: runtimeLock+0x20 in /usr/lib/libobjc.A.dylib at 0x00007fff60662000
RSP=0x00007ffee164ee30 is pointing into the stack for thread: 0x00007f99f69de800
RBP=0x00007ffee164ee80 is pointing into the stack for thread: 0x00007f99f69de800
RSI=0x0000000000a273c0 is an unknown value
RDI=0x00007fff995f92d0: runtimeLock+0 in /usr/lib/libobjc.A.dylib at 0x00007fff60662000
R8 =0xffffffff00000000 is an unknown value
R9 =0x00000000ffffff00 is an unknown value
R10=0x0000010000000000 is an unknown value
R11=0x0000000000a27300 is an unknown value
R12=0x00007fff371dbabf: .str.41.llvm.DC87FEEF+0x75002 in /System/Library/Frameworks/AppKit.framework/Versions/C/AppKit at 0x00007fff364d0000
R13=0x0000000000000001 is an unknown value
R14=0x00007ffffffffff8 is an unknown value
R15=0x00007f99f5ef2470 is an unknown value


Stack: [0x00007ffee0e55000,0x00007ffee1655000],  sp=0x00007ffee164ee30,  free space=8167k
Native frames: (J=compiled Java code, j=interpreted, Vv=VM code, C=native code)
C  [libobjc.A.dylib+0x7e06]  lookUpImpOrForward+0x5b
C  [libobjc.A.dylib+0x7914]  _objc_msgSend_uncached+0x44
C  [libglass.dylib+0x2a93f]  Java_com_sun_glass_ui_mac_MacWindow__1setVisible+0x21f
j  com.sun.glass.ui.mac.MacWindow._setVisible(JZ)Z+0
j  com.sun.glass.ui.Window.setVisible(Z)V+46
j  com.sun.javafx.tk.quantum.WindowStage.lambda$setVisible$389(Z)Ljava/lang/Object;+12
j  com.sun.javafx.tk.quantum.WindowStage$$Lambda$124.get()Ljava/lang/Object;+8
j  com.sun.javafx.tk.quantum.QuantumToolkit.runWithRenderLock(Ljava/util/function/Supplier;)Ljava/lang/Object;+7
j  com.sun.javafx.tk.quantum.WindowStage.setVisible(Z)V+110
j  javafx.stage.Window$9.invalidated()V+445
J 1407 C1 javafx.beans.property.BooleanPropertyBase.set(Z)V (110 bytes) @ 0x000000011ba9a924 [0x000000011ba9a220+0x704]
j  javafx.stage.Window.setShowing(Z)V+11
j  javafx.stage.Window.hide()V+2
j  com.sun.javafx.stage.WindowCloseRequestHandler.dispatchBubblingEvent(Ljavafx/event/Event;)Ljavafx/event/Event;+14
J 1620 C1 com.sun.javafx.event.CompositeEventDispatcher.dispatchBubblingEvent(Ljavafx/event/Event;)Ljavafx/event/Event; (35 bytes) @ 0x000000011bb0275c [0x000000011bb025a0+0x1bc]
J 1263 C1 com.sun.javafx.event.BasicEventDispatcher.dispatchEvent(Ljavafx/event/Event;Ljavafx/event/EventDispatchChain;)Ljavafx/event/Event; (44 bytes) @ 0x000000011ba34ffc [0x000000011ba34cc0+0x33c]
J 1209 C1 com.sun.javafx.event.EventDispatchChainImpl.dispatchEvent(Ljavafx/event/Event;)Ljavafx/event/Event; (101 bytes) @ 0x000000011ba15b94 [0x000000011ba159e0+0x1b4]
j  com.sun.javafx.event.EventUtil.fireEventImpl(Ljavafx/event/EventDispatchChain;Ljavafx/event/EventTarget;Ljavafx/event/Event;)Ljavafx/event/Event;+10
j  com.sun.javafx.event.EventUtil.fireEvent(Ljavafx/event/EventTarget;Ljavafx/event/Event;)Ljavafx/event/Event;+46
j  javafx.event.Event.fireEvent(Ljavafx/event/EventTarget;Ljavafx/event/Event;)V+30
j  com.sun.javafx.stage.WindowPeerListener.closing()V+18
j  com.sun.javafx.tk.quantum.GlassStage.lambda$requestClosingAllWindows$304(Lcom/sun/javafx/tk/quantum/GlassStage;)Ljava/lang/Void;+4
j  com.sun.javafx.tk.quantum.GlassStage$$Lambda$254.run()Ljava/lang/Object;+4
v  ~StubRoutines::call_stub
V  [libjvm.dylib+0x2ef6ce]  JavaCalls::call_helper(JavaValue*, methodHandle*, JavaCallArguments*, Thread*)+0x6ae
V  [libjvm.dylib+0x34fecc]  JVM_DoPrivileged+0x4b8
J 1061  java.security.AccessController.doPrivileged(Ljava/security/PrivilegedAction;Ljava/security/AccessControlContext;)Ljava/lang/Object; (0 bytes) @ 0x000000011b9c59d5 [0x000000011b9c5900+0xd5]
j  com.sun.javafx.tk.quantum.GlassStage.requestClosingAllWindows()V+98
j  com.sun.javafx.tk.quantum.QuantumToolkit$2.handleQuitAction(Lcom/sun/glass/ui/Application;J)V+0
j  com.sun.glass.ui.Application.notifyWillQuit()V+14
v  ~StubRoutines::call_stub
V  [libjvm.dylib+0x2ef6ce]  JavaCalls::call_helper(JavaValue*, methodHandle*, JavaCallArguments*, Thread*)+0x6ae
V  [libjvm.dylib+0x3268fc]  jni_invoke_nonstatic(JNIEnv_*, JavaValue*, _jobject*, JNICallType, _jmethodID*, JNI_ArgumentPusher*, Thread*)+0x2ec
V  [libjvm.dylib+0x3190df]  jni_CallVoidMethod+0x16b
C  [libglass.dylib+0x6acb]  -[GlassApplication applicationShouldTerminate:]+0x10b
C  [AppKit+0x2241b4]  -[NSApplication _docController:shouldTerminate:]+0x58
C  [AppKit+0x224071]  __91-[NSDocumentController(NSInternal) _closeAllDocumentsWithDelegate:shouldTerminateSelector:]_block_invoke+0x216
C  [AppKit+0x223cbb]  -[NSDocumentController(NSInternal) _closeAllDocumentsWithDelegate:shouldTerminateSelector:]+0x4d0
C  [AppKit+0x2237c4]  -[NSDocumentController(NSInternal) __closeAllDocumentsWithDelegate:shouldTerminateSelector:]+0x123
C  [AppKit+0x223426]  -[NSApplication _shouldTerminate]+0x3a1
C  [AppKit+0x403ce0]  -[NSApplication(NSAppleEventHandling) _handleAEQuit]+0x143
C  [AppKit+0x466fe]  -[NSApplication(NSAppleEventHandling) _handleCoreEvent:withReplyEvent:]+0x2c7
C  [Foundation+0x49714]  -[NSAppleEventManager dispatchRawAppleEvent:withRawReply:handlerRefCon:]+0x11f
C  [Foundation+0x49592]  _NSAppleEventManagerGenericHandler+0x66
C  [AE+0x9dd0]  aeDispatchAppleEvent(AEDesc const*, AEDesc*, unsigned int, unsigned char*)+0x6fc
C  [AE+0x9677]  dispatchEventAndSendReply(AEDesc const*, AEDesc*)+0x29
C  [AE+0x9565]  aeProcessAppleEvent+0x17f
C  [HIToolbox+0x3f4a0]  AEProcessAppleEvent+0x37
C  [AppKit+0x41d32]  _DPSNextEvent+0xae4
C  [AppKit+0x7d7e34]  -[NSApplication(NSEvent) _nextEventMatchingEventMask:untilDate:inMode:dequeue:]+0xbe4
C  [AppKit+0x36885]  -[NSApplication run]+0x2fc
C  [libglass.dylib+0x728c]  -[GlassApplication runLoop:]+0x72c
C  [Foundation+0x682b5]  __NSThreadPerformPerform+0x14e
C  [CoreFoundation+0xa3a61]  __CFRUNLOOP_IS_CALLING_OUT_TO_A_SOURCE0_PERFORM_FUNCTION__+0x11
C  [CoreFoundation+0x15d47c]  __CFRunLoopDoSource0+0x6c
C  [CoreFoundation+0x864c0]  __CFRunLoopDoSources0+0xd0
C  [CoreFoundation+0x8593d]  __CFRunLoopRun+0x50d
C  [CoreFoundation+0x851a3]  CFRunLoopRunSpecific+0x1e3
C  [java+0x6472]  CreateExecutionEnvironment+0x367
C  [java+0x207c]  JLI_Launch+0x7a0
C  [java+0x84cf]  main+0x65
C  [java+0x18d4]  start+0x34
C  0x0000000000000005

Java frames: (J=compiled Java code, j=interpreted, Vv=VM code)
j  com.sun.glass.ui.mac.MacWindow._setVisible(JZ)Z+0
j  com.sun.glass.ui.Window.setVisible(Z)V+46
j  com.sun.javafx.tk.quantum.WindowStage.lambda$setVisible$389(Z)Ljava/lang/Object;+12
j  com.sun.javafx.tk.quantum.WindowStage$$Lambda$124.get()Ljava/lang/Object;+8
j  com.sun.javafx.tk.quantum.QuantumToolkit.runWithRenderLock(Ljava/util/function/Supplier;)Ljava/lang/Object;+7
j  com.sun.javafx.tk.quantum.WindowStage.setVisible(Z)V+110
j  javafx.stage.Window$9.invalidated()V+445
J 1407 C1 javafx.beans.property.BooleanPropertyBase.set(Z)V (110 bytes) @ 0x000000011ba9a924 [0x000000011ba9a220+0x704]
j  javafx.stage.Window.setShowing(Z)V+11
j  javafx.stage.Window.hide()V+2
j  com.sun.javafx.stage.WindowCloseRequestHandler.dispatchBubblingEvent(Ljavafx/event/Event;)Ljavafx/event/Event;+14
J 1620 C1 com.sun.javafx.event.CompositeEventDispatcher.dispatchBubblingEvent(Ljavafx/event/Event;)Ljavafx/event/Event; (35 bytes) @ 0x000000011bb0275c [0x000000011bb025a0+0x1bc]
J 1263 C1 com.sun.javafx.event.BasicEventDispatcher.dispatchEvent(Ljavafx/event/Event;Ljavafx/event/EventDispatchChain;)Ljavafx/event/Event; (44 bytes) @ 0x000000011ba34ffc [0x000000011ba34cc0+0x33c]
J 1209 C1 com.sun.javafx.event.EventDispatchChainImpl.dispatchEvent(Ljavafx/event/Event;)Ljavafx/event/Event; (101 bytes) @ 0x000000011ba15b94 [0x000000011ba159e0+0x1b4]
j  com.sun.javafx.event.EventUtil.fireEventImpl(Ljavafx/event/EventDispatchChain;Ljavafx/event/EventTarget;Ljavafx/event/Event;)Ljavafx/event/Event;+10
j  com.sun.javafx.event.EventUtil.fireEvent(Ljavafx/event/EventTarget;Ljavafx/event/Event;)Ljavafx/event/Event;+46
j  javafx.event.Event.fireEvent(Ljavafx/event/EventTarget;Ljavafx/event/Event;)V+30
j  com.sun.javafx.stage.WindowPeerListener.closing()V+18
j  com.sun.javafx.tk.quantum.GlassStage.lambda$requestClosingAllWindows$304(Lcom/sun/javafx/tk/quantum/GlassStage;)Ljava/lang/Void;+4
j  com.sun.javafx.tk.quantum.GlassStage$$Lambda$254.run()Ljava/lang/Object;+4
v  ~StubRoutines::call_stub
J 1061  java.security.AccessController.doPrivileged(Ljava/security/PrivilegedAction;Ljava/security/AccessControlContext;)Ljava/lang/Object; (0 bytes) @ 0x000000011b9c5963 [0x000000011b9c5900+0x63]
j  com.sun.javafx.tk.quantum.GlassStage.requestClosingAllWindows()V+98
j  com.sun.javafx.tk.quantum.QuantumToolkit$2.handleQuitAction(Lcom/sun/glass/ui/Application;J)V+0
j  com.sun.glass.ui.Application.notifyWillQuit()V+14
v  ~StubRoutines::call_stub

---------------  P R O C E S S  ---------------

Java Threads: ( => current thread )
  0x00007f99f7946000 JavaThread "Prism Font Disposer" daemon [_thread_blocked, id=48443, stack(0x00007000088ed000,0x00007000089ed000)]
  0x00007f99f7937800 JavaThread "JavaFX-Launcher" [_thread_blocked, id=47619, stack(0x00007000087ea000,0x00007000088ea000)]
  0x00007f99f69b6800 JavaThread "Thread-3" daemon [_thread_in_native, id=29955, stack(0x0000700008661000,0x00007000086e1000)]
=>0x00007f99f69de800 JavaThread "JavaFX Application Thread" [_thread_in_native, id=775, stack(0x00007ffee0e55000,0x00007ffee1655000)]
  0x00007f99f69d9800 JavaThread "Thread-1" daemon [_thread_blocked, id=24075, stack(0x00007000084db000,0x00007000085db000)]
  0x00007f99f6841800 JavaThread "QuantumRenderer-0" daemon [_thread_blocked, id=14595, stack(0x00007000083d8000,0x00007000084d8000)]
  0x00007f99f7055000 JavaThread "Service Thread" daemon [_thread_blocked, id=14083, stack(0x00007000081d2000,0x00007000082d2000)]
  0x00007f99f7024800 JavaThread "C1 CompilerThread2" daemon [_thread_blocked, id=17667, stack(0x00007000080cf000,0x00007000081cf000)]
  0x00007f99f7023800 JavaThread "C2 CompilerThread1" daemon [_thread_blocked, id=18179, stack(0x0000700007fcc000,0x00007000080cc000)]
  0x00007f99f7022000 JavaThread "C2 CompilerThread0" daemon [_thread_blocked, id=18435, stack(0x0000700007ec9000,0x0000700007fc9000)]
  0x00007f99f7001000 JavaThread "Signal Dispatcher" daemon [_thread_blocked, id=18699, stack(0x0000700007dc6000,0x0000700007ec6000)]
  0x00007f99f7821800 JavaThread "Finalizer" daemon [_thread_blocked, id=20483, stack(0x0000700007cc3000,0x0000700007dc3000)]
  0x00007f99f781e800 JavaThread "Reference Handler" daemon [_thread_blocked, id=20995, stack(0x0000700007bc0000,0x0000700007cc0000)]
  0x00007f99f7801800 JavaThread "main" [_thread_blocked, id=5635, stack(0x00007000075ae000,0x00007000076ae000)]

Other Threads:
  0x00007f99f781a000 VMThread [stack: 0x0000700007abd000,0x0000700007bbd000] [id=11523]
  0x00007f99f7800000 WatcherThread [stack: 0x00007000082d5000,0x00007000083d5000] [id=17411]

VM state:not at safepoint (normal execution)

VM Mutex/Monitor currently owned by a thread: None

Heap:
 PSYoungGen      total 76288K, used 62330K [0x000000076ab00000, 0x0000000770000000, 0x00000007c0000000)
  eden space 65536K, 82% used [0x000000076ab00000,0x000000076df89d58,0x000000076eb00000)
  from space 10752K, 79% used [0x000000076eb00000,0x000000076f354b00,0x000000076f580000)
  to   space 10752K, 0% used [0x000000076f580000,0x000000076f580000,0x0000000770000000)
 ParOldGen       total 175104K, used 16K [0x00000006c0000000, 0x00000006cab00000, 0x000000076ab00000)
  object space 175104K, 0% used [0x00000006c0000000,0x00000006c0004000,0x00000006cab00000)
 Metaspace       used 15243K, capacity 16264K, committed 16384K, reserved 1062912K
  class space    used 2299K, capacity 2506K, committed 2560K, reserved 1048576K

Card table byte_map: [0x0000000110200000,0x0000000110a01000] byte_map_base: 0x000000010cc00000

Marking Bits: (ParMarkBitMap*) 0x000000010eedb6c0
 Begin Bits: [0x0000000110f57000, 0x0000000114f57000)
 End Bits:   [0x0000000114f57000, 0x0000000118f57000)

Polling page: 0x000000010f5d6000

CodeCache: size=245760Kb used=5344Kb max_used=5344Kb free=240415Kb
 bounds [0x000000011b61e000, 0x000000011bb5e000, 0x000000012a61e000]
 total_blobs=2389 nmethods=1750 adapters=552
 compilation: enabled

Compilation events (10 events):
Event: 5125.301 Thread 0x00007f99f7024800 1746       3       javafx.collections.ListChangeBuilder::insertAdd (190 bytes)
Event: 5125.304 Thread 0x00007f99f7024800 nmethod 1746 0x000000011bb55a10 code [0x000000011bb55c40, 0x000000011bb56a38]
Event: 5156.942 Thread 0x00007f99f7024800 1747       3       javafx.collections.ObservableListBase::fireChange (9 bytes)
Event: 5156.943 Thread 0x00007f99f7024800 nmethod 1747 0x000000011bb55390 code [0x000000011bb55520, 0x000000011bb55898]
Event: 5284.706 Thread 0x00007f99f7024800 1748       3       javafx.collections.ObservableListBase::hasListeners (8 bytes)
Event: 5284.706 Thread 0x00007f99f7024800 nmethod 1748 0x000000011bb54f50 code [0x000000011bb550c0, 0x000000011bb552d0]
Event: 5284.706 Thread 0x00007f99f7024800 1749       3       com.sun.javafx.collections.ListListenerHelper::hasListeners (10 bytes)
Event: 5284.707 Thread 0x00007f99f7024800 nmethod 1749 0x000000011bb54bd0 code [0x000000011bb54d40, 0x000000011bb54ed0]
Event: 5365.170 Thread 0x00007f99f7024800 1750       3       java.lang.invoke.Invokers::checkGenericType (16 bytes)
Event: 5365.170 Thread 0x00007f99f7024800 nmethod 1750 0x000000011bb57690 code [0x000000011bb57820, 0x000000011bb57e28]

GC Heap History (2 events):
Event: 952.038 GC heap before
{Heap before GC invocations=1 (full 0):
 PSYoungGen      total 76288K, used 65536K [0x000000076ab00000, 0x0000000770000000, 0x00000007c0000000)
  eden space 65536K, 100% used [0x000000076ab00000,0x000000076eb00000,0x000000076eb00000)
  from space 10752K, 0% used [0x000000076f580000,0x000000076f580000,0x0000000770000000)
  to   space 10752K, 0% used [0x000000076eb00000,0x000000076eb00000,0x000000076f580000)
 ParOldGen       total 175104K, used 0K [0x00000006c0000000, 0x00000006cab00000, 0x000000076ab00000)
  object space 175104K, 0% used [0x00000006c0000000,0x00000006c0000000,0x00000006cab00000)
 Metaspace       used 15225K, capacity 16258K, committed 16384K, reserved 1062912K
  class space    used 2297K, capacity 2505K, committed 2560K, reserved 1048576K
Event: 952.052 GC heap after
Heap after GC invocations=1 (full 0):
 PSYoungGen      total 76288K, used 8530K [0x000000076ab00000, 0x0000000770000000, 0x00000007c0000000)
  eden space 65536K, 0% used [0x000000076ab00000,0x000000076ab00000,0x000000076eb00000)
  from space 10752K, 79% used [0x000000076eb00000,0x000000076f354b00,0x000000076f580000)
  to   space 10752K, 0% used [0x000000076f580000,0x000000076f580000,0x0000000770000000)
 ParOldGen       total 175104K, used 16K [0x00000006c0000000, 0x00000006cab00000, 0x000000076ab00000)
  object space 175104K, 0% used [0x00000006c0000000,0x00000006c0004000,0x00000006cab00000)
 Metaspace       used 15225K, capacity 16258K, committed 16384K, reserved 1062912K
  class space    used 2297K, capacity 2505K, committed 2560K, reserved 1048576K
}

Deoptimization events (10 events):
Event: 0.900 Thread 0x00007f99f69de800 Uncommon trap: reason=class_check action=maybe_recompile pc=0x000000011b733488 method=java.lang.String.equals(Ljava/lang/Object;)Z @ 8
Event: 0.900 Thread 0x00007f99f69de800 Uncommon trap: reason=class_check action=maybe_recompile pc=0x000000011b733488 method=java.lang.String.equals(Ljava/lang/Object;)Z @ 8
Event: 0.900 Thread 0x00007f99f69de800 Uncommon trap: reason=class_check action=maybe_recompile pc=0x000000011b733488 method=java.lang.String.equals(Ljava/lang/Object;)Z @ 8
Event: 0.919 Thread 0x00007f99f69de800 Uncommon trap: reason=class_check action=maybe_recompile pc=0x000000011b733488 method=java.lang.String.equals(Ljava/lang/Object;)Z @ 8
Event: 1.017 Thread 0x00007f99f69de800 Uncommon trap: reason=unstable_if action=reinterpret pc=0x000000011b944c1c method=sun.misc.MetaIndex.mayContain(Ljava/lang/String;)Z @ 38
Event: 1.121 Thread 0x00007f99f69de800 Uncommon trap: reason=unstable_if action=reinterpret pc=0x000000011b8fa0e8 method=jdk.internal.org.objectweb.asm.Type.getArgumentsAndReturnSizes(Ljava/lang/String;)I @ 47
Event: 1.134 Thread 0x00007f99f6841800 Uncommon trap: reason=unstable_if action=reinterpret pc=0x000000011b8ca754 method=sun.net.www.ParseUtil.encodePath(Ljava/lang/String;Z)Ljava/lang/String; @ 109
Event: 239.624 Thread 0x00007f99f69de800 Uncommon trap: reason=unstable_if action=reinterpret pc=0x000000011bb48280 method=com.sun.javafx.tk.quantum.GlassViewEventHandler.lambda$null$376(JIZI)Ljava/lang/Void; @ 63
Event: 952.056 Thread 0x00007f99f7821800 Uncommon trap: reason=unstable_if action=reinterpret pc=0x000000011ba3ad7c method=java.lang.ref.ReferenceQueue.poll()Ljava/lang/ref/Reference; @ 4
Event: 1641.190 Thread 0x00007f99f69de800 Uncommon trap: reason=unstable_if action=reinterpret pc=0x000000011bb4711c method=com.sun.javafx.tk.quantum.GlassViewEventHandler.lambda$null$376(JIZI)Ljava/lang/Void; @ 25

Classes redefined (0 events):
No events

Internal exceptions (10 events):
Event: 0.030 Thread 0x00007f99f7801800 Exception <a 'java/lang/NoSuchMethodError': Method sun.misc.Unsafe.prefetchRead(Ljava/lang/Object;J)V name or signature does not match> (0x000000076ab07f88) thrown at [/Users/java_re/workspace/8-2-build-macosx-x86_64/jdk8u162/10278/hotspot/src/share/vm/pr
Event: 0.159 Thread 0x00007f99f7801800 Exception <a 'java/lang/NoSuchFieldError': method resolution failed> (0x000000076adf2180) thrown at [/Users/java_re/workspace/8-2-build-macosx-x86_64/jdk8u162/10278/hotspot/src/share/vm/prims/methodHandles.cpp, line 1167]
Event: 0.161 Thread 0x00007f99f7801800 Exception <a 'java/lang/NoSuchFieldError': method resolution failed> (0x000000076adff500) thrown at [/Users/java_re/workspace/8-2-build-macosx-x86_64/jdk8u162/10278/hotspot/src/share/vm/prims/methodHandles.cpp, line 1167]
Event: 0.179 Thread 0x00007f99f7801800 Exception <a 'java/security/PrivilegedActionException'> (0x000000076ae8a560) thrown at [/Users/java_re/workspace/8-2-build-macosx-x86_64/jdk8u162/10278/hotspot/src/share/vm/prims/jvm.cpp, line 1390]
Event: 0.179 Thread 0x00007f99f7801800 Exception <a 'java/security/PrivilegedActionException'> (0x000000076ae8a770) thrown at [/Users/java_re/workspace/8-2-build-macosx-x86_64/jdk8u162/10278/hotspot/src/share/vm/prims/jvm.cpp, line 1390]
Event: 0.179 Thread 0x00007f99f7801800 Exception <a 'java/security/PrivilegedActionException'> (0x000000076ae8daa0) thrown at [/Users/java_re/workspace/8-2-build-macosx-x86_64/jdk8u162/10278/hotspot/src/share/vm/prims/jvm.cpp, line 1390]
Event: 0.179 Thread 0x00007f99f7801800 Exception <a 'java/security/PrivilegedActionException'> (0x000000076ae8dcb0) thrown at [/Users/java_re/workspace/8-2-build-macosx-x86_64/jdk8u162/10278/hotspot/src/share/vm/prims/jvm.cpp, line 1390]
Event: 0.180 Thread 0x00007f99f7801800 Exception <a 'java/lang/NullPointerException'> (0x000000076ae8e4a0) thrown at [/Users/java_re/workspace/8-2-build-macosx-x86_64/jdk8u162/10278/hotspot/src/share/vm/interpreter/linkResolver.cpp, line 1185]
Event: 0.502 Thread 0x00007f99f69de800 Exception <a 'java/lang/NullPointerException'> (0x000000076b9bb890) thrown at [/Users/java_re/workspace/8-2-build-macosx-x86_64/jdk8u162/10278/hotspot/src/share/vm/interpreter/linkResolver.cpp, line 1185]
Event: 0.502 Thread 0x00007f99f69de800 Exception <a 'java/lang/NullPointerException'> (0x000000076b9bb890) thrown at [/Users/java_re/workspace/8-2-build-macosx-x86_64/jdk8u162/10278/hotspot/src/share/vm/prims/jvm.cpp, line 1394]

Events (10 events):
Event: 952.057 Executing VM operation: RevokeBias done
Event: 1641.190 Thread 0x00007f99f69de800 Uncommon trap: trap_request=0xffffff65 fr.pc=0x000000011bb4711c
Event: 1641.190 Thread 0x00007f99f69de800 DEOPT PACKING pc=0x000000011bb4711c sp=0x00007ffee1645dc0
Event: 1641.190 Thread 0x00007f99f69de800 DEOPT UNPACKING pc=0x000000011b66373a sp=0x00007ffee1645cf0 mode 2
Event: 4896.068 loading class java/util/LinkedList$ListItr
Event: 4896.069 loading class java/util/LinkedList$ListItr done
Event: 5365.169 loading class com/sun/javafx/tk/quantum/GlassStage
Event: 5365.169 loading class com/sun/javafx/tk/quantum/GlassStage done
Event: 5365.170 loading class com/sun/javafx/tk/quantum/GlassStage
Event: 5365.170 loading class com/sun/javafx/tk/quantum/GlassStage done


Dynamic libraries:
0x00000000113d9000 	/System/Library/Frameworks/Cocoa.framework/Versions/A/Cocoa
0x00000000113d9000 	/System/Library/Frameworks/Security.framework/Versions/A/Security
0x00000000113d9000 	/System/Library/Frameworks/ApplicationServices.framework/Versions/A/ApplicationServices
0x00000000113d9000 	/usr/lib/libz.1.dylib
0x00000000113d9000 	/usr/lib/libSystem.B.dylib
0x00000000113d9000 	/usr/lib/libobjc.A.dylib
0x00000000113d9000 	/System/Library/Frameworks/CoreFoundation.framework/Versions/A/CoreFoundation
0x00000000113d9000 	/System/Library/Frameworks/Foundation.framework/Versions/C/Foundation
0x00000000113d9000 	/System/Library/Frameworks/AppKit.framework/Versions/C/AppKit
0x00000000113d9000 	/System/Library/Frameworks/CoreData.framework/Versions/A/CoreData
0x00000000113d9000 	/System/Library/PrivateFrameworks/RemoteViewServices.framework/Versions/A/RemoteViewServices
0x00000000113d9000 	/System/Library/PrivateFrameworks/UIFoundation.framework/Versions/A/UIFoundation
0x00000000113d9000 	/System/Library/PrivateFrameworks/DFRFoundation.framework/Versions/A/DFRFoundation
0x00000000113d9000 	/System/Library/Frameworks/Metal.framework/Versions/A/Metal
0x00000000113d9000 	/System/Library/PrivateFrameworks/DesktopServicesPriv.framework/Versions/A/DesktopServicesPriv
0x00000000113d9000 	/usr/lib/libenergytrace.dylib
0x00000000113d9000 	/System/Library/PrivateFrameworks/SkyLight.framework/Versions/A/SkyLight
0x00000000113d9000 	/System/Library/Frameworks/CoreGraphics.framework/Versions/A/CoreGraphics
0x00000000113d9000 	/usr/lib/libScreenReader.dylib
0x00000000113d9000 	/System/Library/Frameworks/Accelerate.framework/Versions/A/Accelerate
0x00000000113d9000 	/System/Library/Frameworks/IOSurface.framework/Versions/A/IOSurface
0x00000000113d9000 	/System/Library/Frameworks/AudioToolbox.framework/Versions/A/AudioToolbox
0x00000000113d9000 	/System/Library/Frameworks/AudioUnit.framework/Versions/A/AudioUnit
0x00000000113d9000 	/System/Library/PrivateFrameworks/DataDetectorsCore.framework/Versions/A/DataDetectorsCore
0x00000000113d9000 	/System/Library/Frameworks/Carbon.framework/Versions/A/Frameworks/HIToolbox.framework/Versions/A/HIToolbox
0x00000000113d9000 	/usr/lib/libicucore.A.dylib
0x00000000113d9000 	/System/Library/Frameworks/QuartzCore.framework/Versions/A/QuartzCore
0x00000000113d9000 	/System/Library/PrivateFrameworks/SignpostNotification.framework/Versions/A/SignpostNotification
0x00000000113d9000 	/System/Library/Frameworks/Carbon.framework/Versions/A/Frameworks/SpeechRecognition.framework/Versions/A/SpeechRecognition
0x00000000113d9000 	/usr/lib/libauto.dylib
0x00000000113d9000 	/usr/lib/libxml2.2.dylib
0x00000000113d9000 	/System/Library/PrivateFrameworks/CoreUI.framework/Versions/A/CoreUI
0x00000000113d9000 	/System/Library/Frameworks/CoreAudio.framework/Versions/A/CoreAudio
0x00000000113d9000 	/System/Library/Frameworks/DiskArbitration.framework/Versions/A/DiskArbitration
0x00000000113d9000 	/usr/lib/liblangid.dylib
0x00000000113d9000 	/System/Library/PrivateFrameworks/MultitouchSupport.framework/Versions/A/MultitouchSupport
0x00000000113d9000 	/System/Library/Frameworks/IOKit.framework/Versions/A/IOKit
0x00000000113d9000 	/usr/lib/libDiagnosticMessagesClient.dylib
0x00000000113d9000 	/System/Library/Frameworks/CoreServices.framework/Versions/A/CoreServices
0x00000000113d9000 	/System/Library/PrivateFrameworks/PerformanceAnalysis.framework/Versions/A/PerformanceAnalysis
0x00000000113d9000 	/System/Library/Frameworks/OpenGL.framework/Versions/A/OpenGL
0x00000000113d9000 	/System/Library/Frameworks/ColorSync.framework/Versions/A/ColorSync
0x00000000113d9000 	/System/Library/Frameworks/CoreImage.framework/Versions/A/CoreImage
0x00000000113d9000 	/System/Library/Frameworks/CoreText.framework/Versions/A/CoreText
0x00000000113d9000 	/System/Library/Frameworks/ImageIO.framework/Versions/A/ImageIO
0x00000000113d9000 	/System/Library/PrivateFrameworks/Backup.framework/Versions/A/Backup
0x00000000113d9000 	/usr/lib/libarchive.2.dylib
0x00000000113d9000 	/System/Library/Frameworks/CFNetwork.framework/Versions/A/CFNetwork
0x00000000113d9000 	/System/Library/Frameworks/SystemConfiguration.framework/Versions/A/SystemConfiguration
0x00000000113d9000 	/usr/lib/libCRFSuite.dylib
0x00000000113d9000 	/usr/lib/libc++.1.dylib
0x00000000113d9000 	/usr/lib/libc++abi.dylib
0x00000000113d9000 	/usr/lib/system/libcache.dylib
0x00000000113d9000 	/usr/lib/system/libcommonCrypto.dylib
0x00000000113d9000 	/usr/lib/system/libcompiler_rt.dylib
0x00000000113d9000 	/usr/lib/system/libcopyfile.dylib
0x00000000113d9000 	/usr/lib/system/libcorecrypto.dylib
0x00000000113d9000 	/usr/lib/system/libdispatch.dylib
0x00000000113d9000 	/usr/lib/system/libdyld.dylib
0x00000000113d9000 	/usr/lib/system/libkeymgr.dylib
0x00000000113d9000 	/usr/lib/system/liblaunch.dylib
0x00000000113d9000 	/usr/lib/system/libmacho.dylib
0x00000000113d9000 	/usr/lib/system/libquarantine.dylib
0x00000000113d9000 	/usr/lib/system/libremovefile.dylib
0x00000000113d9000 	/usr/lib/system/libsystem_asl.dylib
0x00000000113d9000 	/usr/lib/system/libsystem_blocks.dylib
0x00000000113d9000 	/usr/lib/system/libsystem_c.dylib
0x00000000113d9000 	/usr/lib/system/libsystem_configuration.dylib
0x00000000113d9000 	/usr/lib/system/libsystem_coreservices.dylib
0x00000000113d9000 	/usr/lib/system/libsystem_darwin.dylib
0x00000000113d9000 	/usr/lib/system/libsystem_dnssd.dylib
0x00000000113d9000 	/usr/lib/system/libsystem_info.dylib
0x00000000113d9000 	/usr/lib/system/libsystem_m.dylib
0x00000000113d9000 	/usr/lib/system/libsystem_malloc.dylib
0x00000000113d9000 	/usr/lib/system/libsystem_network.dylib
0x00000000113d9000 	/usr/lib/system/libsystem_networkextension.dylib
0x00000000113d9000 	/usr/lib/system/libsystem_notify.dylib
0x00000000113d9000 	/usr/lib/system/libsystem_sandbox.dylib
0x00000000113d9000 	/usr/lib/system/libsystem_secinit.dylib
0x00000000113d9000 	/usr/lib/system/libsystem_kernel.dylib
0x00000000113d9000 	/usr/lib/system/libsystem_platform.dylib
0x00000000113d9000 	/usr/lib/system/libsystem_pthread.dylib
0x00000000113d9000 	/usr/lib/system/libsystem_symptoms.dylib
0x00000000113d9000 	/usr/lib/system/libsystem_trace.dylib
0x00000000113d9000 	/usr/lib/system/libunwind.dylib
0x00000000113d9000 	/usr/lib/system/libxpc.dylib
0x00000000113d9000 	/usr/lib/closure/libclosured.dylib
0x00000000113d9000 	/usr/lib/libbsm.0.dylib
0x00000000113d9000 	/usr/lib/system/libkxld.dylib
0x00000000113d9000 	/usr/lib/libOpenScriptingUtil.dylib
0x00000000113d9000 	/usr/lib/libcoretls.dylib
0x00000000113d9000 	/usr/lib/libcoretls_cfhelpers.dylib
0x00000000113d9000 	/usr/lib/libpam.2.dylib
0x00000000113d9000 	/usr/lib/libsqlite3.dylib
0x00000000113d9000 	/usr/lib/libxar.1.dylib
0x00000000113d9000 	/usr/lib/libbz2.1.0.dylib
0x00000000113d9000 	/usr/lib/liblzma.5.dylib
0x00000000113d9000 	/usr/lib/libnetwork.dylib
0x00000000113d9000 	/usr/lib/libapple_nghttp2.dylib
0x00000000113d9000 	/usr/lib/libpcap.A.dylib
0x00000000113d9000 	/usr/lib/libboringssl.dylib
0x00000000113d9000 	/usr/lib/libusrtcp.dylib
0x00000000113d9000 	/usr/lib/libapple_crypto.dylib
0x00000000113d9000 	/System/Library/Frameworks/CoreServices.framework/Versions/A/Frameworks/FSEvents.framework/Versions/A/FSEvents
0x00000000113d9000 	/System/Library/Frameworks/CoreServices.framework/Versions/A/Frameworks/CarbonCore.framework/Versions/A/CarbonCore
0x00000000113d9000 	/System/Library/Frameworks/CoreServices.framework/Versions/A/Frameworks/Metadata.framework/Versions/A/Metadata
0x00000000113d9000 	/System/Library/Frameworks/CoreServices.framework/Versions/A/Frameworks/OSServices.framework/Versions/A/OSServices
0x00000000113d9000 	/System/Library/Frameworks/CoreServices.framework/Versions/A/Frameworks/SearchKit.framework/Versions/A/SearchKit
0x00000000113d9000 	/System/Library/Frameworks/CoreServices.framework/Versions/A/Frameworks/AE.framework/Versions/A/AE
0x00000000113d9000 	/System/Library/Frameworks/CoreServices.framework/Versions/A/Frameworks/LaunchServices.framework/Versions/A/LaunchServices
0x00000000113d9000 	/System/Library/Frameworks/CoreServices.framework/Versions/A/Frameworks/DictionaryServices.framework/Versions/A/DictionaryServices
0x00000000113d9000 	/System/Library/Frameworks/CoreServices.framework/Versions/A/Frameworks/SharedFileList.framework/Versions/A/SharedFileList
0x00000000113d9000 	/System/Library/Frameworks/NetFS.framework/Versions/A/NetFS
0x00000000113d9000 	/System/Library/PrivateFrameworks/NetAuth.framework/Versions/A/NetAuth
0x00000000113d9000 	/System/Library/PrivateFrameworks/login.framework/Versions/A/Frameworks/loginsupport.framework/Versions/A/loginsupport
0x00000000113d9000 	/System/Library/PrivateFrameworks/TCC.framework/Versions/A/TCC
0x00000000113d9000 	/usr/lib/libmecabra.dylib
0x00000000113d9000 	/System/Library/Frameworks/ApplicationServices.framework/Versions/A/Frameworks/ATS.framework/Versions/A/ATS
0x00000000113d9000 	/System/Library/Frameworks/ApplicationServices.framework/Versions/A/Frameworks/ColorSyncLegacy.framework/Versions/A/ColorSyncLegacy
0x00000000113d9000 	/System/Library/Frameworks/ApplicationServices.framework/Versions/A/Frameworks/HIServices.framework/Versions/A/HIServices
0x00000000113d9000 	/System/Library/Frameworks/ApplicationServices.framework/Versions/A/Frameworks/LangAnalysis.framework/Versions/A/LangAnalysis
0x00000000113d9000 	/System/Library/Frameworks/ApplicationServices.framework/Versions/A/Frameworks/PrintCore.framework/Versions/A/PrintCore
0x00000000113d9000 	/System/Library/Frameworks/ApplicationServices.framework/Versions/A/Frameworks/QD.framework/Versions/A/QD
0x00000000113d9000 	/System/Library/Frameworks/ApplicationServices.framework/Versions/A/Frameworks/SpeechSynthesis.framework/Versions/A/SpeechSynthesis
0x00000000113d9000 	/System/Library/Frameworks/CoreDisplay.framework/Versions/A/CoreDisplay
0x00000000113d9000 	/System/Library/Frameworks/Accelerate.framework/Versions/A/Frameworks/vImage.framework/Versions/A/vImage
0x00000000113d9000 	/System/Library/Frameworks/Accelerate.framework/Versions/A/Frameworks/vecLib.framework/Versions/A/vecLib
0x00000000113d9000 	/System/Library/Frameworks/Accelerate.framework/Versions/A/Frameworks/vecLib.framework/Versions/A/libvDSP.dylib
0x00000000113d9000 	/System/Library/Frameworks/Accelerate.framework/Versions/A/Frameworks/vecLib.framework/Versions/A/libBNNS.dylib
0x00000000113d9000 	/System/Library/Frameworks/Accelerate.framework/Versions/A/Frameworks/vecLib.framework/Versions/A/libQuadrature.dylib
0x00000000113d9000 	/System/Library/Frameworks/Accelerate.framework/Versions/A/Frameworks/vecLib.framework/Versions/A/libvMisc.dylib
0x00000000113d9000 	/System/Library/Frameworks/Accelerate.framework/Versions/A/Frameworks/vecLib.framework/Versions/A/libLAPACK.dylib
0x00000000113d9000 	/System/Library/Frameworks/Accelerate.framework/Versions/A/Frameworks/vecLib.framework/Versions/A/libBLAS.dylib
0x00000000113d9000 	/System/Library/Frameworks/Accelerate.framework/Versions/A/Frameworks/vecLib.framework/Versions/A/libLinearAlgebra.dylib
0x00000000113d9000 	/System/Library/Frameworks/Accelerate.framework/Versions/A/Frameworks/vecLib.framework/Versions/A/libSparse.dylib
0x00000000113d9000 	/System/Library/Frameworks/Accelerate.framework/Versions/A/Frameworks/vecLib.framework/Versions/A/libSparseBLAS.dylib
0x00000000113d9000 	/System/Library/PrivateFrameworks/GPUWrangler.framework/Versions/A/GPUWrangler
0x00000000113d9000 	/System/Library/PrivateFrameworks/IOAccelerator.framework/Versions/A/IOAccelerator
0x00000000113d9000 	/System/Library/PrivateFrameworks/IOPresentment.framework/Versions/A/IOPresentment
0x00000000113d9000 	/System/Library/PrivateFrameworks/DSExternalDisplay.framework/Versions/A/DSExternalDisplay
0x00000000113d9000 	/System/Library/Frameworks/OpenGL.framework/Versions/A/Libraries/libCoreFSCache.dylib
0x00000000113d9000 	/System/Library/Frameworks/CoreVideo.framework/Versions/A/CoreVideo
0x00000000113d9000 	/System/Library/PrivateFrameworks/GraphVisualizer.framework/Versions/A/GraphVisualizer
0x00000000113d9000 	/System/Library/Frameworks/MetalPerformanceShaders.framework/Versions/A/MetalPerformanceShaders
0x00000000113d9000 	/usr/lib/libFosl_dynamic.dylib
0x00000000113d9000 	/System/Library/PrivateFrameworks/FaceCore.framework/Versions/A/FaceCore
0x00000000113d9000 	/System/Library/Frameworks/OpenCL.framework/Versions/A/OpenCL
0x00000000113d9000 	/usr/lib/libcompression.dylib
0x00000000113d9000 	/System/Library/Frameworks/ApplicationServices.framework/Versions/A/Frameworks/ATS.framework/Versions/A/Resources/libFontParser.dylib
0x00000000113d9000 	/System/Library/Frameworks/ApplicationServices.framework/Versions/A/Frameworks/ATS.framework/Versions/A/Resources/libFontRegistry.dylib
0x00000000113d9000 	/System/Library/Frameworks/ImageIO.framework/Versions/A/Resources/libJPEG.dylib
0x00000000113d9000 	/System/Library/Frameworks/ImageIO.framework/Versions/A/Resources/libTIFF.dylib
0x00000000113d9000 	/System/Library/Frameworks/ImageIO.framework/Versions/A/Resources/libPng.dylib
0x00000000113d9000 	/System/Library/Frameworks/ImageIO.framework/Versions/A/Resources/libGIF.dylib
0x00000000113d9000 	/System/Library/Frameworks/ImageIO.framework/Versions/A/Resources/libJP2.dylib
0x00000000113d9000 	/System/Library/Frameworks/ImageIO.framework/Versions/A/Resources/libRadiance.dylib
0x00000000113d9000 	/System/Library/PrivateFrameworks/AppleJPEG.framework/Versions/A/AppleJPEG
0x00000000113d9000 	/System/Library/Frameworks/MetalPerformanceShaders.framework/Frameworks/MPSCore.framework/Versions/A/MPSCore
0x00000000113d9000 	/System/Library/Frameworks/MetalPerformanceShaders.framework/Frameworks/MPSImage.framework/Versions/A/MPSImage
0x00000000113d9000 	/System/Library/Frameworks/MetalPerformanceShaders.framework/Frameworks/MPSNeuralNetwork.framework/Versions/A/MPSNeuralNetwork
0x00000000113d9000 	/System/Library/Frameworks/MetalPerformanceShaders.framework/Frameworks/MPSMatrix.framework/Versions/A/MPSMatrix
0x00000000113d9000 	/System/Library/PrivateFrameworks/MetalTools.framework/Versions/A/MetalTools
0x00000000113d9000 	/System/Library/Frameworks/OpenGL.framework/Versions/A/Libraries/libGLU.dylib
0x00000000113d9000 	/System/Library/Frameworks/OpenGL.framework/Versions/A/Libraries/libGFXShared.dylib
0x00000000113d9000 	/System/Library/Frameworks/OpenGL.framework/Versions/A/Libraries/libGL.dylib
0x00000000113d9000 	/System/Library/Frameworks/OpenGL.framework/Versions/A/Libraries/libGLImage.dylib
0x00000000113d9000 	/System/Library/Frameworks/OpenGL.framework/Versions/A/Libraries/libCVMSPluginSupport.dylib
0x00000000113d9000 	/System/Library/Frameworks/OpenGL.framework/Versions/A/Libraries/libCoreVMClient.dylib
0x00000000113d9000 	/usr/lib/libcups.2.dylib
0x00000000113d9000 	/System/Library/Frameworks/Kerberos.framework/Versions/A/Kerberos
0x00000000113d9000 	/System/Library/Frameworks/GSS.framework/Versions/A/GSS
0x00000000113d9000 	/usr/lib/libresolv.9.dylib
0x00000000113d9000 	/usr/lib/libiconv.2.dylib
0x00000000113d9000 	/System/Library/PrivateFrameworks/Heimdal.framework/Versions/A/Heimdal
0x00000000113d9000 	/usr/lib/libheimdal-asn1.dylib
0x00000000113d9000 	/System/Library/Frameworks/OpenDirectory.framework/Versions/A/OpenDirectory
0x00000000113d9000 	/System/Library/PrivateFrameworks/CommonAuth.framework/Versions/A/CommonAuth
0x00000000113d9000 	/System/Library/Frameworks/OpenDirectory.framework/Versions/A/Frameworks/CFOpenDirectory.framework/Versions/A/CFOpenDirectory
0x00000000113d9000 	/System/Library/Frameworks/SecurityFoundation.framework/Versions/A/SecurityFoundation
0x00000000113d9000 	/System/Library/PrivateFrameworks/APFS.framework/Versions/A/APFS
0x00000000113d9000 	/usr/lib/libutil.dylib
0x00000000113d9000 	/System/Library/PrivateFrameworks/AppleSauce.framework/Versions/A/AppleSauce
0x00000000113d9000 	/System/Library/PrivateFrameworks/LinguisticData.framework/Versions/A/LinguisticData
0x00000000113d9000 	/usr/lib/libmarisa.dylib
0x00000000113d9000 	/System/Library/PrivateFrameworks/Lexicon.framework/Versions/A/Lexicon
0x00000000113d9000 	/usr/lib/libChineseTokenizer.dylib
0x00000000113d9000 	/usr/lib/libcmph.dylib
0x00000000113d9000 	/System/Library/PrivateFrameworks/LanguageModeling.framework/Versions/A/LanguageModeling
0x00000000113d9000 	/System/Library/PrivateFrameworks/CoreEmoji.framework/Versions/A/CoreEmoji
0x00000000113d9000 	/System/Library/Frameworks/ServiceManagement.framework/Versions/A/ServiceManagement
0x00000000113d9000 	/System/Library/PrivateFrameworks/BackgroundTaskManagement.framework/Versions/A/BackgroundTaskManagement
0x00000000113d9000 	/usr/lib/libxslt.1.dylib
0x00000000113d9000 	/System/Library/Frameworks/Carbon.framework/Versions/A/Frameworks/Ink.framework/Versions/A/Ink
0x00000000113d9000 	/System/Library/PrivateFrameworks/TextureIO.framework/Versions/A/TextureIO
0x00000000113d9000 	/usr/lib/libate.dylib
0x00000000113d9000 	/System/Library/PrivateFrameworks/CrashReporterSupport.framework/Versions/A/CrashReporterSupport
0x00000000113d9000 	/System/Library/PrivateFrameworks/Sharing.framework/Versions/A/Sharing
0x00000000113d9000 	/System/Library/PrivateFrameworks/IconServices.framework/Versions/A/IconServices
0x00000000113d9000 	/System/Library/PrivateFrameworks/Apple80211.framework/Versions/A/Apple80211
0x00000000113d9000 	/System/Library/PrivateFrameworks/CoreUtils.framework/Versions/A/CoreUtils
0x00000000113d9000 	/System/Library/Frameworks/CoreWLAN.framework/Versions/A/CoreWLAN
0x00000000113d9000 	/System/Library/Frameworks/IOBluetooth.framework/Versions/A/IOBluetooth
0x00000000113d9000 	/System/Library/PrivateFrameworks/ProtocolBuffer.framework/Versions/A/ProtocolBuffer
0x00000000113d9000 	/System/Library/PrivateFrameworks/CoreWiFi.framework/Versions/A/CoreWiFi
0x00000000113d9000 	/System/Library/Frameworks/CoreBluetooth.framework/Versions/A/CoreBluetooth
0x00000000113d9000 	/System/Library/PrivateFrameworks/DebugSymbols.framework/Versions/A/DebugSymbols
0x00000000113d9000 	/System/Library/PrivateFrameworks/CoreSymbolication.framework/Versions/A/CoreSymbolication
0x00000000113d9000 	/System/Library/PrivateFrameworks/Symbolication.framework/Versions/A/Symbolication
0x00000000113d9000 	/System/Library/PrivateFrameworks/AppleFSCompression.framework/Versions/A/AppleFSCompression
0x00000000113d9000 	/System/Library/PrivateFrameworks/SpeechRecognitionCore.framework/Versions/A/SpeechRecognitionCore
0x000000010e5e4000 	/Library/Java/JavaVirtualMachines/jdk1.8.0_162.jdk/Contents/Home/jre/lib/server/libjvm.dylib
0x00000000113d9000 	/usr/lib/libstdc++.6.0.9.dylib
0x000000010f592000 	/Library/Java/JavaVirtualMachines/jdk1.8.0_162.jdk/Contents/Home/jre/lib/libverify.dylib
0x000000010f5a0000 	/Library/Java/JavaVirtualMachines/jdk1.8.0_162.jdk/Contents/Home/jre/lib/libjava.dylib
0x000000010f5e0000 	/Library/Java/JavaVirtualMachines/jdk1.8.0_162.jdk/Contents/Home/jre/lib/libzip.dylib
0x000000011b363000 	/Library/Java/JavaVirtualMachines/jdk1.8.0_162.jdk/Contents/Home/jre/lib/libprism_es2.dylib
0x00000000113d9000 	/System/Library/PrivateFrameworks/CoreServicesInternal.framework/Versions/A/CoreServicesInternal
0x00000000113d9000 	/System/Library/Frameworks/OpenGL.framework/Versions/A/Resources/GLEngine.bundle/GLEngine
0x00000000113d9000 	/System/Library/Frameworks/OpenGL.framework/Versions/A/Libraries/libGLProgrammability.dylib
0x000000012c1a6000 	/System/Library/Extensions/AppleIntelBDWGraphicsGLDriver.bundle/Contents/MacOS/AppleIntelBDWGraphicsGLDriver
0x00000000113d9000 	/System/Library/PrivateFrameworks/GPUSupport.framework/Versions/A/Libraries/libGPUSupportMercury.dylib
0x00000000113d9000 	/System/Library/Frameworks/OpenGL.framework/Versions/A/Resources/GLRendererFloat.bundle/GLRendererFloat
0x00000000113d9000 	/System/Library/Frameworks/OpenCL.framework/Versions/A/Libraries/libcldcpuengine.dylib
0x00000000113d9000 	/usr/lib/libcrypto.35.dylib
0x00000000113d9000 	/System/Library/PrivateFrameworks/TrustEvaluationAgent.framework/Versions/A/TrustEvaluationAgent
0x000000012cbc9000 	/Library/Java/JavaVirtualMachines/jdk1.8.0_162.jdk/Contents/Home/jre/lib/libglass.dylib
0x00000000113d9000 	/System/Library/CoreServices/RawCamera.bundle/Contents/MacOS/RawCamera
0x00000000113d9000 	/System/Library/PrivateFrameworks/MobileAsset.framework/Versions/A/MobileAsset
0x00000000113d9000 	/System/Library/PrivateFrameworks/StreamingZip.framework/Versions/A/StreamingZip
0x00000000113d9000 	/System/Library/Frameworks/MediaToolbox.framework/Versions/A/MediaToolbox
0x00000000113d9000 	/System/Library/PrivateFrameworks/CoreAVCHD.framework/Versions/A/CoreAVCHD
0x00000000113d9000 	/System/Library/Frameworks/MediaAccessibility.framework/Versions/A/MediaAccessibility
0x00000000113d9000 	/System/Library/PrivateFrameworks/Mangrove.framework/Versions/A/Mangrove
0x00000000113d9000 	/System/Library/Frameworks/CoreMedia.framework/Versions/A/CoreMedia
0x00000000113d9000 	/System/Library/Frameworks/VideoToolbox.framework/Versions/A/VideoToolbox
0x00000000113d9000 	/System/Library/PrivateFrameworks/CoreAUC.framework/Versions/A/CoreAUC
0x00000000113d9000 	/usr/lib/libspindump.dylib
0x00000000113d9000 	/System/Library/PrivateFrameworks/AppleVA.framework/Versions/A/AppleVA
0x00000000113d9000 	/System/Library/Frameworks/Accelerate.framework/Versions/A/Frameworks/vImage.framework/Versions/A/Libraries/libCGInterfaces.dylib
0x00000000113d9000 	/System/Library/PrivateFrameworks/FamilyControls.framework/Versions/A/FamilyControls
0x00000000113d9000 	/System/Library/PrivateFrameworks/CommerceKit.framework/Versions/A/Frameworks/CommerceCore.framework/Versions/A/CommerceCore
0x00000000113d9000 	/System/Library/PrivateFrameworks/SystemAdministration.framework/Versions/A/SystemAdministration
0x00000000113d9000 	/System/Library/PrivateFrameworks/AppContainer.framework/Versions/A/AppContainer
0x00000000113d9000 	/System/Library/PrivateFrameworks/SecCodeWrapper.framework/Versions/A/SecCodeWrapper
0x00000000113d9000 	/System/Library/PrivateFrameworks/DiskManagement.framework/Versions/A/DiskManagement
0x00000000113d9000 	/System/Library/Frameworks/DirectoryService.framework/Versions/A/DirectoryService
0x00000000113d9000 	/System/Library/PrivateFrameworks/DiskImages.framework/Versions/A/DiskImages
0x00000000113d9000 	/System/Library/PrivateFrameworks/LoginUIKit.framework/Versions/A/Frameworks/LoginUICore.framework/Versions/A/LoginUICore
0x00000000113d9000 	/usr/lib/libCoreStorage.dylib
0x00000000113d9000 	/usr/lib/libcsfde.dylib
0x00000000113d9000 	/usr/lib/libodfde.dylib
0x00000000113d9000 	/System/Library/PrivateFrameworks/MediaKit.framework/Versions/A/MediaKit
0x00000000113d9000 	/System/Library/Frameworks/DiscRecording.framework/Versions/A/DiscRecording
0x00000000113d9000 	/System/Library/PrivateFrameworks/EFILogin.framework/Versions/A/EFILogin
0x00000000113d9000 	/System/Library/PrivateFrameworks/ProtectedCloudStorage.framework/Versions/A/ProtectedCloudStorage
0x00000000113d9000 	/usr/lib/libcurl.4.dylib
0x00000000113d9000 	/usr/lib/libssl.35.dylib
0x00000000113d9000 	/System/Library/Frameworks/LDAP.framework/Versions/A/LDAP
0x00000000113d9000 	/usr/lib/libsasl2.2.dylib
0x00000000113d9000 	/System/Library/PrivateFrameworks/CoreDaemon.framework/Versions/B/CoreDaemon
0x00000000113d9000 	/System/Library/PrivateFrameworks/AppleSRP.framework/Versions/A/AppleSRP
0x000000012d409000 	/Library/Java/JavaVirtualMachines/jdk1.8.0_162.jdk/Contents/Home/jre/lib/libjavafx_font.dylib
0x00000000113d9000 	/System/Library/Frameworks/ApplicationServices.framework/Versions/A/Frameworks/ATS.framework/Versions/A/Resources/libTrueTypeScaler.dylib
0x00000000113d9000 	/System/Library/PrivateFrameworks/ViewBridge.framework/Versions/A/ViewBridge
0x000000012d3d5000 	/Library/Java/JavaVirtualMachines/jdk1.8.0_162.jdk/Contents/Home/jre/lib/libprism_common.dylib
0x00000000113d9000 	/System/Library/Extensions/AppleIntelBDWGraphicsMTLDriver.bundle/Contents/MacOS/AppleIntelBDWGraphicsMTLDriver
0x00000000113d9000 	/System/Library/PrivateFrameworks/GPUCompiler.framework/Versions/3802/Libraries/libmetal_timestamp.dylib
0x00000000113d9000 	/System/Library/PrivateFrameworks/login.framework/Versions/A/login

VM Arguments:
jvm_args: -Dfile.encoding=UTF-8 
java_command: complete.CompleteMain
java_class_path (initial): /Library/Java/JavaVirtualMachines/jdk1.8.0_162.jdk/Contents/Home/jre/lib/resources.jar:/Library/Java/JavaVirtualMachines/jdk1.8.0_162.jdk/Contents/Home/jre/lib/rt.jar:/Library/Java/JavaVirtualMachines/jdk1.8.0_162.jdk/Contents/Home/jre/lib/jsse.jar:/Library/Java/JavaVirtualMachines/jdk1.8.0_162.jdk/Contents/Home/jre/lib/jce.jar:/Library/Java/JavaVirtualMachines/jdk1.8.0_162.jdk/Contents/Home/jre/lib/charsets.jar:/Library/Java/JavaVirtualMachines/jdk1.8.0_162.jdk/Contents/Home/jre/lib/jfr.jar:/Library/Java/JavaVirtualMachines/jdk1.8.0_162.jdk/Contents/Home/jre/lib/ext/sunec.jar:/Library/Java/JavaVirtualMachines/jdk1.8.0_162.jdk/Contents/Home/jre/lib/ext/nashorn.jar:/Library/Java/JavaVirtualMachines/jdk1.8.0_162.jdk/Contents/Home/jre/lib/ext/cldrdata.jar:/Library/Java/JavaVirtualMachines/jdk1.8.0_162.jdk/Contents/Home/jre/lib/ext/jfxrt.jar:/Library/Java/JavaVirtualMachines/jdk1.8.0_162.jdk/Contents/Home/jre/lib/ext/dnsns.jar:/Library/Java/JavaVirtualMachines/jdk1.8.0_162.jdk/Contents/Home/jre/lib/ext/localedata.jar:/Library/Java/JavaVirtualMachines/jdk1.8.0_162.jdk/Contents/Home/jre/lib/ext/sunjce_provider.jar:/Library/Java/JavaVirtualMachines/jdk1.8.0_162.jdk/Contents/Home/jre/lib/ext/sunpkcs11.jar:/Library/Java/JavaVirtualMachines/jdk1.8.0_162.jdk/Contents/Home/jre/lib/ext/jaccess.jar:/Library/Java/JavaVirtualMachines/jdk1.8.0_162.jdk/Contents/Home/jre/lib/ext/zipfs.jar:/System/Library/Java/Extensions/MRJToolkit.jar:/Users/clk/eclipse-workspace/COMPLETE/bin
Launcher Type: SUN_STANDARD

Environment Variables:
PATH=/usr/bin:/bin:/usr/sbin:/sbin
SHELL=/bin/bash

Signal Handlers:
SIGSEGV: [libjvm.dylib+0x5b52b5], sa_mask[0]=11111111011111110111111111111111, sa_flags=SA_ONSTACK|SA_RESTART|SA_SIGINFO
SIGBUS: [libjvm.dylib+0x5b52b5], sa_mask[0]=11111111011111110111111111111111, sa_flags=SA_RESTART|SA_SIGINFO
SIGFPE: [libjvm.dylib+0x48ac5c], sa_mask[0]=11111111011111110111111111111111, sa_flags=SA_RESTART|SA_SIGINFO
SIGPIPE: [libjvm.dylib+0x48ac5c], sa_mask[0]=11111111011111110111111111111111, sa_flags=SA_RESTART|SA_SIGINFO
SIGXFSZ: [libjvm.dylib+0x48ac5c], sa_mask[0]=11111111011111110111111111111111, sa_flags=SA_RESTART|SA_SIGINFO
SIGILL: [libjvm.dylib+0x48ac5c], sa_mask[0]=11111111011111110111111111111111, sa_flags=SA_RESTART|SA_SIGINFO
SIGUSR1: SIG_DFL, sa_mask[0]=00000000000000000000000000000000, sa_flags=none
SIGUSR2: [libjvm.dylib+0x48a77a], sa_mask[0]=00100000000000000000000000000000, sa_flags=SA_RESTART|SA_SIGINFO
SIGHUP: [libjvm.dylib+0x488d45], sa_mask[0]=11111111011111110111111111111111, sa_flags=SA_RESTART|SA_SIGINFO
SIGINT: [libjvm.dylib+0x488d45], sa_mask[0]=11111111011111110111111111111111, sa_flags=SA_RESTART|SA_SIGINFO
SIGTERM: [libjvm.dylib+0x488d45], sa_mask[0]=11111111011111110111111111111111, sa_flags=SA_RESTART|SA_SIGINFO
SIGQUIT: [libjvm.dylib+0x488d45], sa_mask[0]=11111111011111110111111111111111, sa_flags=SA_RESTART|SA_SIGINFO


---------------  S Y S T E M  ---------------

OS:Bsduname:Darwin 17.5.0 Darwin Kernel Version 17.5.0: Mon Mar  5 22:24:32 PST 2018; root:xnu-4570.51.1~1/RELEASE_X86_64 x86_64
rlimit: STACK 8192k, CORE 0k, NPROC 1418, NOFILE 10240, AS infinity
load average:2.41 2.82 2.69

CPU:total 4 (initial active 4) (2 cores per cpu, 2 threads per core) family 6 model 61 stepping 4, cmov, cx8, fxsr, mmx, sse, sse2, sse3, ssse3, sse4.1, sse4.2, popcnt, avx, avx2, aes, clmul, erms, 3dnowpref, lzcnt, ht, tsc, tscinvbit, bmi1, bmi2, adx

Memory: 4k page, physical 16777216k(808720k free)

/proc/meminfo:


vm_info: Java HotSpot(TM) 64-Bit Server VM (25.162-b12) for bsd-amd64 JRE (1.8.0_162-b12), built on Dec 19 2017 17:33:35 by "java_re" with gcc 4.2.1 (Based on Apple Inc. build 5658) (LLVM build 2336.11.00)

time: Thu May 10 15:31:14 2018
elapsed time: 5365 seconds (0d 1h 29m 25s)

